This is XeTeX, Version 3.141592653-2.6-0.999997 (TeX Live 2025) (preloaded format=xelatex 2025.3.11)  12 MAR 2025 14:53
entering extended mode
 restricted \write18 enabled.
 %&-line parsing enabled.
**Ayudantia1.tex
(./Ayudantia1.tex
LaTeX2e <2024-11-01> patch level 2
L3 programming layer <2025-01-18>

! LaTeX Error: File `beamer.cls' not found.

Type X to quit or <RETURN> to proceed,
or enter new name. (Default extension: cls)

Enter file name: 
! Emergency stop.
<read *> 
         
l.9 \usepackage
               {pgfpages}^^M
*** (cannot \read from terminal in nonstop modes)

 
Here is how much of TeX's memory you used:
 26 strings out of 475847
 494 string characters out of 5773439
 381009 words of memory out of 5000000
 23058 multiletter control sequences out of 15000+600000
 558837 words of font info for 36 fonts, out of 8000000 for 9000
 14 hyphenation exceptions out of 8191
 19i,0n,29p,90b,17s stack positions out of 10000i,1000n,20000p,200000b,200000s
No pages of output.
